<?xml version="1.0" encoding="UTF-8"?>
<testng-results ignored="0" total="3" passed="3" failed="0" skipped="0">
  <reporter-output>
  </reporter-output>
  <suite started-at="2025-08-25T11:09:54 IST" name="Functional Suite" finished-at="2025-08-25T11:09:54 IST" duration-ms="39">
    <groups>
      <group name="Regression">
        <method signature="labsession16august_Q1.logoutTest()[pri:0, instance:Wipro.TestNG.labsession16august_Q1@1b2abca6]" name="logoutTest" class="Wipro.TestNG.labsession16august_Q1"/>
        <method signature="labsession16august_Q1.paymentTest()[pri:0, instance:Wipro.TestNG.labsession16august_Q1@1b2abca6]" name="paymentTest" class="Wipro.TestNG.labsession16august_Q1"/>
      </group> <!-- Regression -->
      <group name="Smoke">
        <method signature="labsession16august_Q1.loginTest()[pri:0, instance:Wipro.TestNG.labsession16august_Q1@1b2abca6]" name="loginTest" class="Wipro.TestNG.labsession16august_Q1"/>
        <method signature="labsession16august_Q1.logoutTest()[pri:0, instance:Wipro.TestNG.labsession16august_Q1@1b2abca6]" name="logoutTest" class="Wipro.TestNG.labsession16august_Q1"/>
      </group> <!-- Smoke -->
    </groups>
    <test started-at="2025-08-25T11:09:54 IST" name="Smoke Tests" finished-at="2025-08-25T11:09:54 IST" duration-ms="39">
      <class name="Wipro.TestNG.labsession16august_Q1">
        <test-method signature="loginTest()[pri:0, instance:Wipro.TestNG.labsession16august_Q1@1b2abca6]" started-at="2025-08-25T11:09:54 IST" name="loginTest" finished-at="2025-08-25T11:09:54 IST" duration-ms="4" status="PASS">
          <reporter-output>
          </reporter-output>
        </test-method> <!-- loginTest -->
        <test-method signature="logoutTest()[pri:0, instance:Wipro.TestNG.labsession16august_Q1@1b2abca6]" started-at="2025-08-25T11:09:54 IST" name="logoutTest" finished-at="2025-08-25T11:09:54 IST" duration-ms="1" status="PASS">
          <reporter-output>
          </reporter-output>
        </test-method> <!-- logoutTest -->
        <test-method signature="paymentTest()[pri:0, instance:Wipro.TestNG.labsession16august_Q1@1b2abca6]" started-at="2025-08-25T11:09:54 IST" name="paymentTest" finished-at="2025-08-25T11:09:54 IST" duration-ms="0" status="PASS">
          <reporter-output>
          </reporter-output>
        </test-method> <!-- paymentTest -->
      </class> <!-- Wipro.TestNG.labsession16august_Q1 -->
    </test> <!-- Smoke Tests -->
  </suite> <!-- Functional Suite -->
</testng-results>
