<?xml version="1.0" encoding="UTF-8"?>
<!-- Generated by org.testng.reporters.JUnitXMLReporter -->
<testsuite ignored="0" hostname="Cutie" failures="0" tests="3" name="Smoke Tests" time="0.039" errors="0" timestamp="2025-08-25T11:09:54 IST">
  <testcase classname="Wipro.TestNG.labsession16august_Q1" name="loginTest" time="0.004"/>
  <testcase classname="Wipro.TestNG.labsession16august_Q1" name="logoutTest" time="0.001"/>
  <testcase classname="Wipro.TestNG.labsession16august_Q1" name="paymentTest" time="0.0"/>
</testsuite> <!-- Smoke Tests -->
