<?xml version="1.0" encoding="UTF-8"?>
<!-- Generated by org.testng.reporters.JUnitXMLReporter -->
<testsuite ignored="0" hostname="Cutie" failures="1" tests="7" name="Smoke Tests" time="34.699" errors="0" timestamp="2025-08-24T15:28:08 IST">
  <testcase classname="Wipro.TestNG.labsession16august_Q1" name="loginTest" time="0.004"/>
  <testcase classname="Wipro.TestNG.labsession16august_Q1" name="logoutTest" time="0.0"/>
  <testcase classname="Wipro.TestNG.labsession16august_Q1" name="paymentTest" time="0.001"/>
  <testcase classname="Wipro.TestNG.MultipleTestCases" name="radiobuttons" time="7.263"/>
  <testcase classname="Wipro.TestNG.MultipleTestCases" name="testdragdrop" time="0.037">
    <failure type="org.openqa.selenium.remote.NoSuchDriverException" message="Unable to obtain: msedgedriver, error msedgedriver must exist: C:\Users\Harsha Patil\Desktop\Corporate Trainings\IIHT\Screen shots\edgedriver_win64\msedgedriver.exe
For documentation on this error, please visit: https://www.selenium.dev/documentation/webdriver/troubleshooting/errors/driver_location/
Build info: version: &amp;apos;4.31.0&amp;apos;, revision: &amp;apos;1ef9f18787*&amp;apos;
System info: os.name: &amp;apos;Windows 11&amp;apos;, os.arch: &amp;apos;amd64&amp;apos;, os.version: &amp;apos;10.0&amp;apos;, java.version: &amp;apos;17.0.4.1&amp;apos;
Driver info: driver.version: EdgeDriver">
      <![CDATA[org.openqa.selenium.remote.NoSuchDriverException: Unable to obtain: msedgedriver, error msedgedriver must exist: C:\Users\Harsha Patil\Desktop\Corporate Trainings\IIHT\Screen shots\edgedriver_win64\msedgedriver.exe
For documentation on this error, please visit: https://www.selenium.dev/documentation/webdriver/troubleshooting/errors/driver_location/
Build info: version: '4.31.0', revision: '1ef9f18787*'
System info: os.name: 'Windows 11', os.arch: 'amd64', os.version: '10.0', java.version: '17.0.4.1'
Driver info: driver.version: EdgeDriver
at org.openqa.selenium.remote.service.DriverFinder.getBinaryPaths(DriverFinder.java:121)
at org.openqa.selenium.remote.service.DriverFinder.getDriverPath(DriverFinder.java:55)
at org.openqa.selenium.edge.EdgeDriver.generateExecutor(EdgeDriver.java:71)
at org.openqa.selenium.edge.EdgeDriver.<init>(EdgeDriver.java:60)
at org.openqa.selenium.edge.EdgeDriver.<init>(EdgeDriver.java:56)
at org.openqa.selenium.edge.EdgeDriver.<init>(EdgeDriver.java:48)
at org.openqa.selenium.edge.EdgeDriver.<init>(EdgeDriver.java:44)
at Wipro.TestNG.MultipleTestCases.testdragdrop(MultipleTestCases.java:133)
at java.base/java.util.ArrayList.forEach(ArrayList.java:1511)
Caused by: java.lang.IllegalStateException: msedgedriver must exist: C:\Users\Harsha Patil\Desktop\Corporate Trainings\IIHT\Screen shots\edgedriver_win64\msedgedriver.exe
at org.openqa.selenium.internal.Require$PathStateChecker.isExecutable(Require.java:475)
at org.openqa.selenium.remote.service.DriverFinder.getBinaryPaths(DriverFinder.java:118)
... 39 more
... Removed 31 stack frames]]>
    </failure>
  </testcase> <!-- testdragdrop -->
  <testcase classname="Wipro.TestNG.MultipleTestCases" name="testcheckbox" time="6.259"/>
  <testcase classname="Wipro.TestNG.MultipleTestCases" name="testalerts" time="21.085"/>
</testsuite> <!-- Smoke Tests -->
