<?xml version="1.0" encoding="UTF-8"?>
<testng-results ignored="0" total="2" passed="2" failed="0" skipped="0">
  <reporter-output>
  </reporter-output>
  <suite started-at="2025-08-25T23:31:03 IST" name="Functional Suite" finished-at="2025-08-25T23:31:21 IST" duration-ms="17308">
    <groups>
    </groups>
    <test started-at="2025-08-25T23:31:03 IST" name="Smoke Tests" finished-at="2025-08-25T23:31:21 IST" duration-ms="17308">
      <class name="Wipro.TestNG.TESTCASE">
        <test-method signature="login()[pri:0, instance:Wipro.TestNG.TESTCASE@8f2ef19]" started-at="2025-08-25T23:31:03 IST" name="login" finished-at="2025-08-25T23:31:16 IST" duration-ms="12420" status="PASS">
          <reporter-output>
          </reporter-output>
        </test-method> <!-- login -->
        <test-method signature="testcheckbox()[pri:0, instance:Wipro.TestNG.TESTCASE@8f2ef19]" started-at="2025-08-25T23:31:16 IST" name="testcheckbox" finished-at="2025-08-25T23:31:21 IST" depends-on-methods="Wipro.TestNG.TESTCASE.login" duration-ms="4842" status="PASS">
          <reporter-output>
          </reporter-output>
        </test-method> <!-- testcheckbox -->
      </class> <!-- Wipro.TestNG.TESTCASE -->
    </test> <!-- Smoke Tests -->
  </suite> <!-- Functional Suite -->
</testng-results>
